<?xml version="1.0" encoding="UTF-8"?>
<!-- Generated by org.testng.reporters.JUnitReportReporter -->
<testsuite hostname="DESKTOP-54G9BOB" failures="0" tests="1" name="com.banking.testcases.Tc_Register_new_User" time="15.928" errors="0" timestamp="2024-08-09T13:23:46 IST" skipped="0">
  <testcase classname="com.banking.testcases.Tc_Register_new_User" name="Register_new_User_TestCase" time="15.928"/>
</testsuite> <!-- com.banking.testcases.Tc_Register_new_User -->
